<?xml version="1.0" encoding="UTF-8"?>
<testsuite xmlns:xsi="http://www.w3.org/2001/XMLSchema-instance" xsi:noNamespaceSchemaLocation="https://maven.apache.org/surefire/maven-surefire-plugin/xsd/surefire-test-report-3.0.xsd" version="3.0" name="com.google.cloud.spanner.watcher.sample.BuildTest" time="0.244" tests="1" errors="0" skipped="0" failures="0">
  <properties>
    <property name="java.specification.version" value="18"/>
    <property name="sun.jnu.encoding" value="UTF-8"/>
    <property name="java.class.path" value="/Users/iky/IdeaProjects/spanner-change-watcher/samples/spanner-change-watcher-samples/target/test-classes:/Users/iky/IdeaProjects/spanner-change-watcher/samples/spanner-change-watcher-samples/target/classes:/Users/iky/.m2/repository/com/google/cloudspannerecosystem/google-cloud-spanner-change-watcher/1.2.1/google-cloud-spanner-change-watcher-1.2.1.jar:/Users/iky/.m2/repository/com/google/cloud/google-cloud-spanner/6.17.3/google-cloud-spanner-6.17.3.jar:/Users/iky/.m2/repository/com/google/cloud/grpc-gcp/1.1.0/grpc-gcp-1.1.0.jar:/Users/iky/.m2/repository/io/grpc/grpc-auth/1.42.1/grpc-auth-1.42.1.jar:/Users/iky/.m2/repository/io/grpc/grpc-core/1.42.1/grpc-core-1.42.1.jar:/Users/iky/.m2/repository/com/google/android/annotations/4.1.1.4/annotations-4.1.1.4.jar:/Users/iky/.m2/repository/org/codehaus/mojo/animal-sniffer-annotations/1.20/animal-sniffer-annotations-1.20.jar:/Users/iky/.m2/repository/io/perfmark/perfmark-api/0.23.0/perfmark-api-0.23.0.jar:/Users/iky/.m2/repository/io/grpc/grpc-netty-shaded/1.42.1/grpc-netty-shaded-1.42.1.jar:/Users/iky/.m2/repository/io/grpc/grpc-protobuf/1.42.1/grpc-protobuf-1.42.1.jar:/Users/iky/.m2/repository/io/grpc/grpc-protobuf-lite/1.42.1/grpc-protobuf-lite-1.42.1.jar:/Users/iky/.m2/repository/io/grpc/grpc-stub/1.42.1/grpc-stub-1.42.1.jar:/Users/iky/.m2/repository/com/google/api/api-common/2.1.1/api-common-2.1.1.jar:/Users/iky/.m2/repository/javax/annotation/javax.annotation-api/1.3.2/javax.annotation-api-1.3.2.jar:/Users/iky/.m2/repository/com/google/protobuf/protobuf-java/3.19.1/protobuf-java-3.19.1.jar:/Users/iky/.m2/repository/com/google/protobuf/protobuf-java-util/3.19.1/protobuf-java-util-3.19.1.jar:/Users/iky/.m2/repository/com/google/j2objc/j2objc-annotations/1.3/j2objc-annotations-1.3.jar:/Users/iky/.m2/repository/com/google/api/grpc/proto-google-common-protos/2.7.0/proto-google-common-protos-2.7.0.jar:/Users/iky/.m2/repository/com/google/api/grpc/grpc-google-common-protos/2.7.0/grpc-google-common-protos-2.7.0.jar:/Users/iky/.m2/repository/com/google/guava/failureaccess/1.0.1/failureaccess-1.0.1.jar:/Users/iky/.m2/repository/com/google/guava/listenablefuture/9999.0-empty-to-avoid-conflict-with-guava/listenablefuture-9999.0-empty-to-avoid-conflict-with-guava.jar:/Users/iky/.m2/repository/org/checkerframework/checker-compat-qual/2.5.5/checker-compat-qual-2.5.5.jar:/Users/iky/.m2/repository/com/google/api/grpc/proto-google-iam-v1/1.1.7/proto-google-iam-v1-1.1.7.jar:/Users/iky/.m2/repository/com/google/cloud/google-cloud-core/2.3.3/google-cloud-core-2.3.3.jar:/Users/iky/.m2/repository/com/google/http-client/google-http-client-gson/1.40.1/google-http-client-gson-1.40.1.jar:/Users/iky/.m2/repository/com/google/cloud/google-cloud-core-grpc/2.3.3/google-cloud-core-grpc-2.3.3.jar:/Users/iky/.m2/repository/io/opencensus/opencensus-api/0.30.0/opencensus-api-0.30.0.jar:/Users/iky/.m2/repository/io/opencensus/opencensus-contrib-grpc-util/0.30.0/opencensus-contrib-grpc-util-0.30.0.jar:/Users/iky/.m2/repository/com/google/auth/google-auth-library-oauth2-http/1.3.0/google-auth-library-oauth2-http-1.3.0.jar:/Users/iky/.m2/repository/com/google/http-client/google-http-client/1.40.1/google-http-client-1.40.1.jar:/Users/iky/.m2/repository/org/apache/httpcomponents/httpclient/4.5.13/httpclient-4.5.13.jar:/Users/iky/.m2/repository/commons-logging/commons-logging/1.2/commons-logging-1.2.jar:/Users/iky/.m2/repository/commons-codec/commons-codec/1.15/commons-codec-1.15.jar:/Users/iky/.m2/repository/org/apache/httpcomponents/httpcore/4.4.14/httpcore-4.4.14.jar:/Users/iky/.m2/repository/io/opencensus/opencensus-contrib-http-util/0.28.0/opencensus-contrib-http-util-0.28.0.jar:/Users/iky/.m2/repository/com/google/api/grpc/proto-google-cloud-spanner-admin-instance-v1/6.17.3/proto-google-cloud-spanner-admin-instance-v1-6.17.3.jar:/Users/iky/.m2/repository/com/google/api/grpc/proto-google-cloud-spanner-v1/6.17.3/proto-google-cloud-spanner-v1-6.17.3.jar:/Users/iky/.m2/repository/com/google/api/grpc/proto-google-cloud-spanner-admin-database-v1/6.17.3/proto-google-cloud-spanner-admin-database-v1-6.17.3.jar:/Users/iky/.m2/repository/com/google/api/grpc/grpc-google-cloud-spanner-admin-instance-v1/6.17.3/grpc-google-cloud-spanner-admin-instance-v1-6.17.3.jar:/Users/iky/.m2/repository/com/google/api/grpc/grpc-google-cloud-spanner-v1/6.17.3/grpc-google-cloud-spanner-v1-6.17.3.jar:/Users/iky/.m2/repository/com/google/api/grpc/grpc-google-cloud-spanner-admin-database-v1/6.17.3/grpc-google-cloud-spanner-admin-database-v1-6.17.3.jar:/Users/iky/.m2/repository/com/google/api/gax/2.7.1/gax-2.7.1.jar:/Users/iky/.m2/repository/com/google/api/gax-grpc/2.7.1/gax-grpc-2.7.1.jar:/Users/iky/.m2/repository/io/grpc/grpc-xds/1.42.1/grpc-xds-1.42.1.jar:/Users/iky/.m2/repository/io/grpc/grpc-services/1.42.1/grpc-services-1.42.1.jar:/Users/iky/.m2/repository/com/google/re2j/re2j/1.5/re2j-1.5.jar:/Users/iky/.m2/repository/org/bouncycastle/bcpkix-jdk15on/1.67/bcpkix-jdk15on-1.67.jar:/Users/iky/.m2/repository/org/bouncycastle/bcprov-jdk15on/1.67/bcprov-jdk15on-1.67.jar:/Users/iky/.m2/repository/io/opencensus/opencensus-proto/0.2.0/opencensus-proto-0.2.0.jar:/Users/iky/.m2/repository/org/threeten/threetenbp/1.5.2/threetenbp-1.5.2.jar:/Users/iky/.m2/repository/com/google/code/gson/gson/2.8.9/gson-2.8.9.jar:/Users/iky/.m2/repository/com/google/auth/google-auth-library-credentials/1.3.0/google-auth-library-credentials-1.3.0.jar:/Users/iky/.m2/repository/io/grpc/grpc-alts/1.42.1/grpc-alts-1.42.1.jar:/Users/iky/.m2/repository/io/grpc/grpc-grpclb/1.42.1/grpc-grpclb-1.42.1.jar:/Users/iky/.m2/repository/io/grpc/grpc-api/1.42.1/grpc-api-1.42.1.jar:/Users/iky/.m2/repository/io/grpc/grpc-context/1.42.1/grpc-context-1.42.1.jar:/Users/iky/.m2/repository/com/google/code/findbugs/jsr305/3.0.2/jsr305-3.0.2.jar:/Users/iky/.m2/repository/com/google/guava/guava/31.0.1-jre/guava-31.0.1-jre.jar:/Users/iky/.m2/repository/com/google/errorprone/error_prone_annotations/2.9.0/error_prone_annotations-2.9.0.jar:/Users/iky/.m2/repository/com/github/pcj/google-options/1.0.0/google-options-1.0.0.jar:/Users/iky/.m2/repository/com/google/cloudspannerecosystem/google-cloud-spanner-change-watcher/1.2.1/google-cloud-spanner-change-watcher-1.2.1-tests.jar:/Users/iky/.m2/repository/junit/junit/4.13.1/junit-4.13.1.jar:/Users/iky/.m2/repository/org/hamcrest/hamcrest-core/1.3/hamcrest-core-1.3.jar:/Users/iky/.m2/repository/com/google/truth/truth/1.1.3/truth-1.1.3.jar:/Users/iky/.m2/repository/org/checkerframework/checker-qual/3.13.0/checker-qual-3.13.0.jar:/Users/iky/.m2/repository/com/google/auto/value/auto-value-annotations/1.8.2/auto-value-annotations-1.8.2.jar:/Users/iky/.m2/repository/org/ow2/asm/asm/9.1/asm-9.1.jar:/Users/iky/.m2/repository/org/mockito/mockito-core/3.3.3/mockito-core-3.3.3.jar:/Users/iky/.m2/repository/net/bytebuddy/byte-buddy/1.10.5/byte-buddy-1.10.5.jar:/Users/iky/.m2/repository/net/bytebuddy/byte-buddy-agent/1.10.5/byte-buddy-agent-1.10.5.jar:/Users/iky/.m2/repository/org/objenesis/objenesis/2.6/objenesis-2.6.jar:"/>
    <property name="java.vm.vendor" value="Homebrew"/>
    <property name="sun.arch.data.model" value="64"/>
    <property name="java.vendor.url" value="https://github.com/Homebrew/homebrew-core/issues"/>
    <property name="os.name" value="Mac OS X"/>
    <property name="java.vm.specification.version" value="18"/>
    <property name="sun.java.launcher" value="SUN_STANDARD"/>
    <property name="user.country" value="GB"/>
    <property name="sun.boot.library.path" value="/Users/iky/homebrew/Cellar/openjdk/18.0.1/libexec/openjdk.jdk/Contents/Home/lib"/>
    <property name="sun.java.command" value="/Users/iky/IdeaProjects/spanner-change-watcher/samples/spanner-change-watcher-samples/target/surefire/surefirebooter7540339941365900832.jar /Users/iky/IdeaProjects/spanner-change-watcher/samples/spanner-change-watcher-samples/target/surefire 2022-05-22T22-37-43_459-jvmRun1 surefire4437652206900456578tmp surefire_017290360750338476614tmp"/>
    <property name="http.nonProxyHosts" value="local|*.local|169.254/16|*.169.254/16"/>
    <property name="jdk.debug" value="release"/>
    <property name="surefire.test.class.path" value="/Users/iky/IdeaProjects/spanner-change-watcher/samples/spanner-change-watcher-samples/target/test-classes:/Users/iky/IdeaProjects/spanner-change-watcher/samples/spanner-change-watcher-samples/target/classes:/Users/iky/.m2/repository/com/google/cloudspannerecosystem/google-cloud-spanner-change-watcher/1.2.1/google-cloud-spanner-change-watcher-1.2.1.jar:/Users/iky/.m2/repository/com/google/cloud/google-cloud-spanner/6.17.3/google-cloud-spanner-6.17.3.jar:/Users/iky/.m2/repository/com/google/cloud/grpc-gcp/1.1.0/grpc-gcp-1.1.0.jar:/Users/iky/.m2/repository/io/grpc/grpc-auth/1.42.1/grpc-auth-1.42.1.jar:/Users/iky/.m2/repository/io/grpc/grpc-core/1.42.1/grpc-core-1.42.1.jar:/Users/iky/.m2/repository/com/google/android/annotations/4.1.1.4/annotations-4.1.1.4.jar:/Users/iky/.m2/repository/org/codehaus/mojo/animal-sniffer-annotations/1.20/animal-sniffer-annotations-1.20.jar:/Users/iky/.m2/repository/io/perfmark/perfmark-api/0.23.0/perfmark-api-0.23.0.jar:/Users/iky/.m2/repository/io/grpc/grpc-netty-shaded/1.42.1/grpc-netty-shaded-1.42.1.jar:/Users/iky/.m2/repository/io/grpc/grpc-protobuf/1.42.1/grpc-protobuf-1.42.1.jar:/Users/iky/.m2/repository/io/grpc/grpc-protobuf-lite/1.42.1/grpc-protobuf-lite-1.42.1.jar:/Users/iky/.m2/repository/io/grpc/grpc-stub/1.42.1/grpc-stub-1.42.1.jar:/Users/iky/.m2/repository/com/google/api/api-common/2.1.1/api-common-2.1.1.jar:/Users/iky/.m2/repository/javax/annotation/javax.annotation-api/1.3.2/javax.annotation-api-1.3.2.jar:/Users/iky/.m2/repository/com/google/protobuf/protobuf-java/3.19.1/protobuf-java-3.19.1.jar:/Users/iky/.m2/repository/com/google/protobuf/protobuf-java-util/3.19.1/protobuf-java-util-3.19.1.jar:/Users/iky/.m2/repository/com/google/j2objc/j2objc-annotations/1.3/j2objc-annotations-1.3.jar:/Users/iky/.m2/repository/com/google/api/grpc/proto-google-common-protos/2.7.0/proto-google-common-protos-2.7.0.jar:/Users/iky/.m2/repository/com/google/api/grpc/grpc-google-common-protos/2.7.0/grpc-google-common-protos-2.7.0.jar:/Users/iky/.m2/repository/com/google/guava/failureaccess/1.0.1/failureaccess-1.0.1.jar:/Users/iky/.m2/repository/com/google/guava/listenablefuture/9999.0-empty-to-avoid-conflict-with-guava/listenablefuture-9999.0-empty-to-avoid-conflict-with-guava.jar:/Users/iky/.m2/repository/org/checkerframework/checker-compat-qual/2.5.5/checker-compat-qual-2.5.5.jar:/Users/iky/.m2/repository/com/google/api/grpc/proto-google-iam-v1/1.1.7/proto-google-iam-v1-1.1.7.jar:/Users/iky/.m2/repository/com/google/cloud/google-cloud-core/2.3.3/google-cloud-core-2.3.3.jar:/Users/iky/.m2/repository/com/google/http-client/google-http-client-gson/1.40.1/google-http-client-gson-1.40.1.jar:/Users/iky/.m2/repository/com/google/cloud/google-cloud-core-grpc/2.3.3/google-cloud-core-grpc-2.3.3.jar:/Users/iky/.m2/repository/io/opencensus/opencensus-api/0.30.0/opencensus-api-0.30.0.jar:/Users/iky/.m2/repository/io/opencensus/opencensus-contrib-grpc-util/0.30.0/opencensus-contrib-grpc-util-0.30.0.jar:/Users/iky/.m2/repository/com/google/auth/google-auth-library-oauth2-http/1.3.0/google-auth-library-oauth2-http-1.3.0.jar:/Users/iky/.m2/repository/com/google/http-client/google-http-client/1.40.1/google-http-client-1.40.1.jar:/Users/iky/.m2/repository/org/apache/httpcomponents/httpclient/4.5.13/httpclient-4.5.13.jar:/Users/iky/.m2/repository/commons-logging/commons-logging/1.2/commons-logging-1.2.jar:/Users/iky/.m2/repository/commons-codec/commons-codec/1.15/commons-codec-1.15.jar:/Users/iky/.m2/repository/org/apache/httpcomponents/httpcore/4.4.14/httpcore-4.4.14.jar:/Users/iky/.m2/repository/io/opencensus/opencensus-contrib-http-util/0.28.0/opencensus-contrib-http-util-0.28.0.jar:/Users/iky/.m2/repository/com/google/api/grpc/proto-google-cloud-spanner-admin-instance-v1/6.17.3/proto-google-cloud-spanner-admin-instance-v1-6.17.3.jar:/Users/iky/.m2/repository/com/google/api/grpc/proto-google-cloud-spanner-v1/6.17.3/proto-google-cloud-spanner-v1-6.17.3.jar:/Users/iky/.m2/repository/com/google/api/grpc/proto-google-cloud-spanner-admin-database-v1/6.17.3/proto-google-cloud-spanner-admin-database-v1-6.17.3.jar:/Users/iky/.m2/repository/com/google/api/grpc/grpc-google-cloud-spanner-admin-instance-v1/6.17.3/grpc-google-cloud-spanner-admin-instance-v1-6.17.3.jar:/Users/iky/.m2/repository/com/google/api/grpc/grpc-google-cloud-spanner-v1/6.17.3/grpc-google-cloud-spanner-v1-6.17.3.jar:/Users/iky/.m2/repository/com/google/api/grpc/grpc-google-cloud-spanner-admin-database-v1/6.17.3/grpc-google-cloud-spanner-admin-database-v1-6.17.3.jar:/Users/iky/.m2/repository/com/google/api/gax/2.7.1/gax-2.7.1.jar:/Users/iky/.m2/repository/com/google/api/gax-grpc/2.7.1/gax-grpc-2.7.1.jar:/Users/iky/.m2/repository/io/grpc/grpc-xds/1.42.1/grpc-xds-1.42.1.jar:/Users/iky/.m2/repository/io/grpc/grpc-services/1.42.1/grpc-services-1.42.1.jar:/Users/iky/.m2/repository/com/google/re2j/re2j/1.5/re2j-1.5.jar:/Users/iky/.m2/repository/org/bouncycastle/bcpkix-jdk15on/1.67/bcpkix-jdk15on-1.67.jar:/Users/iky/.m2/repository/org/bouncycastle/bcprov-jdk15on/1.67/bcprov-jdk15on-1.67.jar:/Users/iky/.m2/repository/io/opencensus/opencensus-proto/0.2.0/opencensus-proto-0.2.0.jar:/Users/iky/.m2/repository/org/threeten/threetenbp/1.5.2/threetenbp-1.5.2.jar:/Users/iky/.m2/repository/com/google/code/gson/gson/2.8.9/gson-2.8.9.jar:/Users/iky/.m2/repository/com/google/auth/google-auth-library-credentials/1.3.0/google-auth-library-credentials-1.3.0.jar:/Users/iky/.m2/repository/io/grpc/grpc-alts/1.42.1/grpc-alts-1.42.1.jar:/Users/iky/.m2/repository/io/grpc/grpc-grpclb/1.42.1/grpc-grpclb-1.42.1.jar:/Users/iky/.m2/repository/io/grpc/grpc-api/1.42.1/grpc-api-1.42.1.jar:/Users/iky/.m2/repository/io/grpc/grpc-context/1.42.1/grpc-context-1.42.1.jar:/Users/iky/.m2/repository/com/google/code/findbugs/jsr305/3.0.2/jsr305-3.0.2.jar:/Users/iky/.m2/repository/com/google/guava/guava/31.0.1-jre/guava-31.0.1-jre.jar:/Users/iky/.m2/repository/com/google/errorprone/error_prone_annotations/2.9.0/error_prone_annotations-2.9.0.jar:/Users/iky/.m2/repository/com/github/pcj/google-options/1.0.0/google-options-1.0.0.jar:/Users/iky/.m2/repository/com/google/cloudspannerecosystem/google-cloud-spanner-change-watcher/1.2.1/google-cloud-spanner-change-watcher-1.2.1-tests.jar:/Users/iky/.m2/repository/junit/junit/4.13.1/junit-4.13.1.jar:/Users/iky/.m2/repository/org/hamcrest/hamcrest-core/1.3/hamcrest-core-1.3.jar:/Users/iky/.m2/repository/com/google/truth/truth/1.1.3/truth-1.1.3.jar:/Users/iky/.m2/repository/org/checkerframework/checker-qual/3.13.0/checker-qual-3.13.0.jar:/Users/iky/.m2/repository/com/google/auto/value/auto-value-annotations/1.8.2/auto-value-annotations-1.8.2.jar:/Users/iky/.m2/repository/org/ow2/asm/asm/9.1/asm-9.1.jar:/Users/iky/.m2/repository/org/mockito/mockito-core/3.3.3/mockito-core-3.3.3.jar:/Users/iky/.m2/repository/net/bytebuddy/byte-buddy/1.10.5/byte-buddy-1.10.5.jar:/Users/iky/.m2/repository/net/bytebuddy/byte-buddy-agent/1.10.5/byte-buddy-agent-1.10.5.jar:/Users/iky/.m2/repository/org/objenesis/objenesis/2.6/objenesis-2.6.jar:"/>
    <property name="sun.cpu.endian" value="little"/>
    <property name="user.home" value="/Users/iky"/>
    <property name="user.language" value="en"/>
    <property name="java.specification.vendor" value="Oracle Corporation"/>
    <property name="java.version.date" value="2022-04-19"/>
    <property name="java.home" value="/Users/iky/homebrew/Cellar/openjdk/18.0.1/libexec/openjdk.jdk/Contents/Home"/>
    <property name="file.separator" value="/"/>
    <property name="basedir" value="/Users/iky/IdeaProjects/spanner-change-watcher/samples/spanner-change-watcher-samples"/>
    <property name="java.vm.compressedOopsMode" value="Zero based"/>
    <property name="line.separator" value="&#10;"/>
    <property name="java.vm.specification.vendor" value="Oracle Corporation"/>
    <property name="java.specification.name" value="Java Platform API Specification"/>
    <property name="apple.awt.application.name" value="ForkedBooter"/>
    <property name="surefire.real.class.path" value="/Users/iky/IdeaProjects/spanner-change-watcher/samples/spanner-change-watcher-samples/target/surefire/surefirebooter7540339941365900832.jar"/>
    <property name="java.util.logging.config.file" value="src/test/resources/logging.properties"/>
    <property name="sun.management.compiler" value="HotSpot 64-Bit Tiered Compilers"/>
    <property name="ftp.nonProxyHosts" value="local|*.local|169.254/16|*.169.254/16"/>
    <property name="java.runtime.version" value="18.0.1+0"/>
    <property name="user.name" value="iky"/>
    <property name="path.separator" value=":"/>
    <property name="os.version" value="12.3.1"/>
    <property name="java.runtime.name" value="OpenJDK Runtime Environment"/>
    <property name="file.encoding" value="UTF-8"/>
    <property name="java.vm.name" value="OpenJDK 64-Bit Server VM"/>
    <property name="java.vendor.version" value="Homebrew"/>
    <property name="localRepository" value="/Users/iky/.m2/repository"/>
    <property name="java.vendor.url.bug" value="https://github.com/Homebrew/homebrew-core/issues"/>
    <property name="java.io.tmpdir" value="/var/folders/5y/9tmfqdz56nxcsnqbv3g4pmch0000gn/T/"/>
    <property name="java.version" value="18.0.1"/>
    <property name="user.dir" value="/Users/iky/IdeaProjects/spanner-change-watcher/samples/spanner-change-watcher-samples"/>
    <property name="os.arch" value="aarch64"/>
    <property name="java.vm.specification.name" value="Java Virtual Machine Specification"/>
    <property name="native.encoding" value="UTF-8"/>
    <property name="java.library.path" value="/Users/iky/Library/Java/Extensions:/Library/Java/Extensions:/Network/Library/Java/Extensions:/System/Library/Java/Extensions:/usr/lib/java:."/>
    <property name="java.vm.info" value="mixed mode, sharing"/>
    <property name="java.vendor" value="Homebrew"/>
    <property name="java.vm.version" value="18.0.1+0"/>
    <property name="sun.io.unicode.encoding" value="UnicodeBig"/>
    <property name="socksNonProxyHosts" value="local|*.local|169.254/16|*.169.254/16"/>
    <property name="java.class.version" value="62.0"/>
  </properties>
  <testcase name="testCanCreateWatcher" classname="com.google.cloud.spanner.watcher.sample.BuildTest" time="0.217"/>
</testsuite>